[debug] [2025-05-30T11:23:38.156Z] ----------------------------------------------------------------------
[debug] [2025-05-30T11:23:38.159Z] Command:       C:\Program Files\nodejs\node.exe C:\Users\Admin\AppData\Roaming\npm\node_modules\firebase-tools\lib\bin\firebase.js init
[debug] [2025-05-30T11:23:38.160Z] CLI Version:   14.5.0
[debug] [2025-05-30T11:23:38.160Z] Platform:      win32
[debug] [2025-05-30T11:23:38.160Z] Node Version:  v22.14.0
[debug] [2025-05-30T11:23:38.160Z] Time:          Fri May 30 2025 16:53:38 GMT+0530 (India Standard Time)
[debug] [2025-05-30T11:23:38.160Z] ----------------------------------------------------------------------
[debug] 
[debug] [2025-05-30T11:23:38.407Z] Field "" in "firebase.json" is possibly invalid: must be object
[debug] [2025-05-30T11:23:38.410Z] > command requires scopes: ["email","openid","https://www.googleapis.com/auth/cloudplatformprojects.readonly","https://www.googleapis.com/auth/firebase","https://www.googleapis.com/auth/cloud-platform"]
[debug] [2025-05-30T11:23:38.410Z] > authorizing via signed-in user (uvpatel7271@gmail.com)
[debug] [2025-05-30T11:23:38.411Z] Field "" in "firebase.json" is possibly invalid: must be object
[info] 
     ######## #### ########  ######## ########     ###     ######  ########
     ##        ##  ##     ## ##       ##     ##  ##   ##  ##       ##
     ######    ##  ########  ######   ########  #########  ######  ######
     ##        ##  ##    ##  ##       ##     ## ##     ##       ## ##
     ##       #### ##     ## ######## ########  ##     ##  ######  ########

You're about to initialize a Firebase project in this directory:

  F:\Github\Web-devlopment\Projects\Carrier Advisor Page

Before we get started, keep in mind:

  * You are initializing within an existing Firebase project directory

[info] 
=== Project Setup
[info] 
[info] First, let's associate this project directory with a Firebase project.
[info] You can create multiple project aliases by running firebase use --add, 
[info] but for now we'll just set up a default project.
[info] 
[info] i  If you want to create a project in a Google Cloud organization or folder, please use "firebase projects:create" instead, and return to this command when you've created the project. 
[debug] [2025-05-30T11:25:31.213Z] Checked if tokens are valid: false, expires at: 1748596644835
[debug] [2025-05-30T11:25:31.214Z] Checked if tokens are valid: false, expires at: 1748596644835
[debug] [2025-05-30T11:25:31.215Z] > refreshing access token with scopes: []
[debug] [2025-05-30T11:25:31.219Z] >>> [apiv2][query] POST https://www.googleapis.com/oauth2/v3/token [none]
[debug] [2025-05-30T11:25:31.219Z] >>> [apiv2][body] POST https://www.googleapis.com/oauth2/v3/token [omitted]
[debug] [2025-05-30T11:25:31.724Z] <<< [apiv2][status] POST https://www.googleapis.com/oauth2/v3/token 200
[debug] [2025-05-30T11:25:31.725Z] <<< [apiv2][body] POST https://www.googleapis.com/oauth2/v3/token [omitted]
[debug] [2025-05-30T11:25:31.732Z] >>> [apiv2][query] POST https://cloudresourcemanager.googleapis.com/v1/projects [none]
[debug] [2025-05-30T11:25:31.733Z] >>> [apiv2][body] POST https://cloudresourcemanager.googleapis.com/v1/projects {"projectId":"signin-up-page","name":"signin-up-page"}
[debug] [2025-05-30T11:25:33.738Z] <<< [apiv2][status] POST https://cloudresourcemanager.googleapis.com/v1/projects 409
[debug] [2025-05-30T11:25:33.738Z] <<< [apiv2][body] POST https://cloudresourcemanager.googleapis.com/v1/projects {"error":{"code":409,"message":"Requested entity already exists","status":"ALREADY_EXISTS"}}
[debug] [2025-05-30T11:25:34.134Z] FirebaseError: Request to https://cloudresourcemanager.googleapis.com/v1/projects had HTTP Error: 409, Requested entity already exists
    at responseToError (C:\Users\Admin\AppData\Roaming\npm\node_modules\firebase-tools\lib\responseToError.js:52:12)
    at RetryOperation._fn (C:\Users\Admin\AppData\Roaming\npm\node_modules\firebase-tools\lib\apiv2.js:312:77)
    at process.processTicksAndRejections (node:internal/process/task_queues:105:5)
[error] 
[error] Error: Failed to create project because there is already a project with ID signin-up-page. Please try again with a unique project ID.
