[debug] [2025-06-01T16:30:49.668Z] ----------------------------------------------------------------------
[debug] [2025-06-01T16:30:49.672Z] Command:       C:\Program Files\nodejs\node.exe C:\Users\Admin\AppData\Roaming\npm\node_modules\firebase-tools\lib\bin\firebase.js init
[debug] [2025-06-01T16:30:49.672Z] CLI Version:   14.5.1
[debug] [2025-06-01T16:30:49.672Z] Platform:      win32
[debug] [2025-06-01T16:30:49.672Z] Node Version:  v22.14.0
[debug] [2025-06-01T16:30:49.673Z] Time:          Sun Jun 01 2025 22:00:49 GMT+0530 (India Standard Time)
[debug] [2025-06-01T16:30:49.673Z] ----------------------------------------------------------------------
[debug] 
[debug] [2025-06-01T16:30:49.683Z] > command requires scopes: ["email","openid","https://www.googleapis.com/auth/cloudplatformprojects.readonly","https://www.googleapis.com/auth/firebase","https://www.googleapis.com/auth/cloud-platform"]
[debug] [2025-06-01T16:30:49.683Z] > authorizing via signed-in user (uvpatel7271@gmail.com)
[info] 
     ######## #### ########  ######## ########     ###     ######  ########
     ##        ##  ##     ## ##       ##     ##  ##   ##  ##       ##
     ######    ##  ########  ######   ########  #########  ######  ######
     ##        ##  ##    ##  ##       ##     ## ##     ##       ## ##
     ##       #### ##     ## ######## ########  ##     ##  ######  ########

You're about to initialize a Firebase project in this directory:

  F:\Github\Web-devlopment\Projects\Login Page\approach 2

[info] 
=== Project Setup
[info] 
[info] First, let's associate this project directory with a Firebase project.
[info] You can create multiple project aliases by running firebase use --add, 
[info] but for now we'll just set up a default project.
[info] 
[debug] [2025-06-01T16:31:43.386Z] Checked if tokens are valid: true, expires at: 1748798729929
[debug] [2025-06-01T16:31:43.387Z] Checked if tokens are valid: true, expires at: 1748798729929
[debug] [2025-06-01T16:31:43.390Z] >>> [apiv2][query] GET https://firebase.googleapis.com/v1beta1/projects pageSize=100
[debug] [2025-06-01T16:31:44.564Z] <<< [apiv2][status] GET https://firebase.googleapis.com/v1beta1/projects 200
[debug] [2025-06-01T16:31:44.564Z] <<< [apiv2][body] GET https://firebase.googleapis.com/v1beta1/projects [omitted]
[info] i  Using project login-form-c62ee (Login Form) 
[info] 
=== Hosting Setup
[debug] [2025-06-01T16:31:49.765Z] Checked if tokens are valid: true, expires at: 1748798729929
[debug] [2025-06-01T16:31:49.765Z] Checked if tokens are valid: true, expires at: 1748798729929
[debug] [2025-06-01T16:31:49.766Z] >>> [apiv2][query] GET https://firebase.googleapis.com/v1beta1/projects/login-form-c62ee [none]
[debug] [2025-06-01T16:31:50.911Z] <<< [apiv2][status] GET https://firebase.googleapis.com/v1beta1/projects/login-form-c62ee 200
[debug] [2025-06-01T16:31:50.911Z] <<< [apiv2][body] GET https://firebase.googleapis.com/v1beta1/projects/login-form-c62ee {"projectId":"login-form-c62ee","projectNumber":"796070033775","displayName":"Login Form","name":"projects/login-form-c62ee","resources":{"hostingSite":"login-form-c62ee"},"state":"ACTIVE","etag":"1_d02eb875-ccb5-4f4d-8a57-5e1b47182b64"}
[info] 
[info] Your public directory is the folder (relative to your project directory) that
[info] will contain Hosting assets to be uploaded with firebase deploy. If you
[info] have a build process for your assets, use your build's output directory.
[info] 
[info] +  Wrote public/404.html 
[debug] [2025-06-01T16:32:25.636Z] >>> [apiv2][query] GET https://www.gstatic.com/firebasejs/releases.json [none]
[debug] [2025-06-01T16:32:26.005Z] <<< [apiv2][status] GET https://www.gstatic.com/firebasejs/releases.json 200
[debug] [2025-06-01T16:32:26.005Z] <<< [apiv2][body] GET https://www.gstatic.com/firebasejs/releases.json {"current":{"version":"11.8.1","browserURL":"https://www.gstatic.com/firebasejs/11.8.1/firebase.js","packageURL":"https://www.gstatic.com/firebasejs/11.8.1/firebase.tgz"},"live":{"version":"11.8","browserURL":"https://www.gstatic.com/firebasejs/live/11.8/firebase.js","packageURL":"https://www.gstatic.com/firebasejs/live/11.8/firebase.tgz"},"components":{"ai":"https://www.gstatic.com/firebasejs/11.8.1/firebase-ai.js","analytics":"https://www.gstatic.com/firebasejs/11.8.1/firebase-analytics.js","app":"https://www.gstatic.com/firebasejs/11.8.1/firebase-app.js","app-check":"https://www.gstatic.com/firebasejs/11.8.1/firebase-app-check.js","auth":"https://www.gstatic.com/firebasejs/11.8.1/firebase-auth.js","auth/cordova":"https://www.gstatic.com/firebasejs/11.8.1/firebase-auth/cordova.js","auth/web-extension":"https://www.gstatic.com/firebasejs/11.8.1/firebase-auth/web-extension.js","functions":"https://www.gstatic.com/firebasejs/11.8.1/firebase-functions.js","firestore":"https://www.gstatic.com/firebasejs/11.8.1/firebase-firestore.js","firestore/lite":"https://www.gstatic.com/firebasejs/11.8.1/firebase-firestore/lite.js","installations":"https://www.gstatic.com/firebasejs/11.8.1/firebase-installations.js","storage":"https://www.gstatic.com/firebasejs/11.8.1/firebase-storage.js","performance":"https://www.gstatic.com/firebasejs/11.8.1/firebase-performance.js","remote-config":"https://www.gstatic.com/firebasejs/11.8.1/firebase-remote-config.js","messaging":"https://www.gstatic.com/firebasejs/11.8.1/firebase-messaging.js","messaging/sw":"https://www.gstatic.com/firebasejs/11.8.1/firebase-messaging/sw.js","database":"https://www.gstatic.com/firebasejs/11.8.1/firebase-database.js","vertexai":"https://www.gstatic.com/firebasejs/11.8.1/firebase-vertexai.js","data-connect":"https://www.gstatic.com/firebasejs/11.8.1/firebase-data-connect.js","firestore.memory":"https://www.gstatic.com/firebasejs/11.8.1/firebase-firestore.memory.js"}}
[info] +  Wrote public/index.html 
[info] 
[info] i  Detected a .git folder at F:\Github\Web-devlopment\Projects\Login Page 
[info] i  Authorizing with GitHub to upload your service account to a GitHub repository's secrets store. 
[info] 
[info] Visit this URL on this device to log in:
[info] https://github.com/login/oauth/authorize?client_id=89cf50f02ac6aaed3484&state=732870588&redirect_uri=http%3A%2F%2Flocalhost%3A9005&scope=read%3Auser%20repo%20public_repo
[info] 
[info] Waiting for authentication...
[debug] [2025-06-01T16:32:42.425Z] >>> [apiv2][query] POST https://github.com/login/oauth/access_token [none]
[debug] [2025-06-01T16:32:42.425Z] >>> [apiv2][body] POST https://github.com/login/oauth/access_token [stream]
[debug] [2025-06-01T16:32:42.874Z] <<< [apiv2][status] POST https://github.com/login/oauth/access_token 200
[debug] [2025-06-01T16:32:42.874Z] <<< [apiv2][body] POST https://github.com/login/oauth/access_token {"access_token":"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","token_type":"bearer","scope":"read:user,repo"}
[debug] [2025-06-01T16:32:42.902Z] >>> [apiv2][query] GET https://api.github.com/user [none]
[debug] [2025-06-01T16:32:43.447Z] <<< [apiv2][status] GET https://api.github.com/user 200
[debug] [2025-06-01T16:32:43.447Z] <<< [apiv2][body] GET https://api.github.com/user {"login":"uvpatel","id":177721688,"node_id":"U_kgDOCpfRWA","avatar_url":"https://avatars.githubusercontent.com/u/177721688?v=4","gravatar_id":"","url":"https://api.github.com/users/uvpatel","html_url":"https://github.com/uvpatel","followers_url":"https://api.github.com/users/uvpatel/followers","following_url":"https://api.github.com/users/uvpatel/following{/other_user}","gists_url":"https://api.github.com/users/uvpatel/gists{/gist_id}","starred_url":"https://api.github.com/users/uvpatel/starred{/owner}{/repo}","subscriptions_url":"https://api.github.com/users/uvpatel/subscriptions","organizations_url":"https://api.github.com/users/uvpatel/orgs","repos_url":"https://api.github.com/users/uvpatel/repos","events_url":"https://api.github.com/users/uvpatel/events{/privacy}","received_events_url":"https://api.github.com/users/uvpatel/received_events","type":"User","user_view_type":"private","site_admin":false,"name":"Patel Urvil ","company":null,"blog":"https://urvilpatel-portfolio.netlify.app/","location":"Anklav , Anand, Gujarat, India","email":"uvpatel7271@gmail.com","hireable":null,"bio":"Web Dev Learner | Python & C Programmer | Exploring AI/ML | Focused","twitter_username":"UrvilPatel_1708","notification_email":"uvpatel7271@gmail.com","public_repos":31,"public_gists":0,"followers":15,"following":8,"created_at":"2024-08-07T07:25:48Z","updated_at":"2025-06-01T13:30:41Z","private_gists":0,"total_private_repos":13,"owned_private_repos":13,"disk_usage":123139,"collaborators":0,"two_factor_authentication":true,"plan":{"name":"pro","space":976562499,"collaborators":0,"private_repos":9999}}
[info] 
[info] +  Success! Logged into GitHub as uvpatel 
[info] 
[debug] [2025-06-01T16:36:38.993Z] >>> [apiv2][query] GET https://api.github.com/repos/https://github.com/uvpatel/Login-Page/actions/secrets/public-key type=owner
[debug] [2025-06-01T16:36:39.633Z] <<< [apiv2][status] GET https://api.github.com/repos/https://github.com/uvpatel/Login-Page/actions/secrets/public-key 401
[debug] [2025-06-01T16:36:39.633Z] <<< [apiv2][body] GET https://api.github.com/repos/https://github.com/uvpatel/Login-Page/actions/secrets/public-key {"message":"Bad credentials","documentation_url":"https://docs.github.com/rest","status":"401"}
[debug] [2025-06-01T16:37:15.587Z] >>> [apiv2][query] GET https://api.github.com/repos/uvpatel/Login-Page/actions/secrets/public-key type=owner
[debug] [2025-06-01T16:37:16.232Z] <<< [apiv2][status] GET https://api.github.com/repos/uvpatel/Login-Page/actions/secrets/public-key 401
[debug] [2025-06-01T16:37:16.232Z] <<< [apiv2][body] GET https://api.github.com/repos/uvpatel/Login-Page/actions/secrets/public-key {"message":"Bad credentials","documentation_url":"https://docs.github.com/rest","status":"401"}
[debug] [2025-06-01T16:37:26.474Z] >>> [apiv2][query] GET https://api.github.com/repos/uvpatel/Login-Page/actions/secrets/public-key type=owner
[debug] [2025-06-01T16:37:27.005Z] <<< [apiv2][status] GET https://api.github.com/repos/uvpatel/Login-Page/actions/secrets/public-key 401
[debug] [2025-06-01T16:37:27.005Z] <<< [apiv2][body] GET https://api.github.com/repos/uvpatel/Login-Page/actions/secrets/public-key {"message":"Bad credentials","documentation_url":"https://docs.github.com/rest","status":"401"}
[debug] [2025-06-01T16:37:55.659Z] >>> [apiv2][query] GET https://api.github.com/repos/uvpatel/Login-Page/actions/secrets/public-key type=owner
[debug] [2025-06-01T16:37:56.113Z] <<< [apiv2][status] GET https://api.github.com/repos/uvpatel/Login-Page/actions/secrets/public-key 401
[debug] [2025-06-01T16:37:56.114Z] <<< [apiv2][body] GET https://api.github.com/repos/uvpatel/Login-Page/actions/secrets/public-key {"message":"Bad credentials","documentation_url":"https://docs.github.com/rest","status":"401"}
[debug] [2025-06-01T16:38:14.502Z] >>> [apiv2][query] GET https://api.github.com/repos/uvpatel/Login-Page/actions/secrets/public-key type=owner
[debug] [2025-06-01T16:38:15.178Z] <<< [apiv2][status] GET https://api.github.com/repos/uvpatel/Login-Page/actions/secrets/public-key 401
[debug] [2025-06-01T16:38:15.179Z] <<< [apiv2][body] GET https://api.github.com/repos/uvpatel/Login-Page/actions/secrets/public-key {"message":"Bad credentials","documentation_url":"https://docs.github.com/rest","status":"401"}
[debug] [2025-06-01T16:38:19.342Z] >>> [apiv2][query] GET https://api.github.com/repos/uvpatel/Login-Page/actions/secrets/public-key type=owner
[debug] [2025-06-01T16:38:19.649Z] <<< [apiv2][status] GET https://api.github.com/repos/uvpatel/Login-Page/actions/secrets/public-key 401
[debug] [2025-06-01T16:38:19.650Z] <<< [apiv2][body] GET https://api.github.com/repos/uvpatel/Login-Page/actions/secrets/public-key {"message":"Bad credentials","documentation_url":"https://docs.github.com/rest","status":"401"}
[debug] [2025-06-01T16:38:57.477Z] >>> [apiv2][query] GET https://api.github.com/repos/https://github.com/uvpatel/Login-Page/tree/main/approach%202/actions/secrets/public-key type=owner
[debug] [2025-06-01T16:38:58.042Z] <<< [apiv2][status] GET https://api.github.com/repos/https://github.com/uvpatel/Login-Page/tree/main/approach%202/actions/secrets/public-key 401
[debug] [2025-06-01T16:38:58.042Z] <<< [apiv2][body] GET https://api.github.com/repos/https://github.com/uvpatel/Login-Page/tree/main/approach%202/actions/secrets/public-key {"message":"Bad credentials","documentation_url":"https://docs.github.com/rest","status":"401"}
[debug] [2025-06-01T16:39:14.308Z] >>> [apiv2][query] GET https://api.github.com/repos/https://github.com/uvpatel/Login-Page/actions/secrets/public-key type=owner
[debug] [2025-06-01T16:39:14.849Z] <<< [apiv2][status] GET https://api.github.com/repos/https://github.com/uvpatel/Login-Page/actions/secrets/public-key 401
[debug] [2025-06-01T16:39:14.852Z] <<< [apiv2][body] GET https://api.github.com/repos/https://github.com/uvpatel/Login-Page/actions/secrets/public-key {"message":"Bad credentials","documentation_url":"https://docs.github.com/rest","status":"401"}
